This file contains any messages produced by compilers while
running configure, to aid debugging if configure makes a mistake.

It was created by GNU Libtool configure 2.4.2, which was
generated by GNU Autoconf 2.69.  Invocation command line was

  $ ./configure 

## --------- ##
## Platform. ##
## --------- ##

hostname = ns2
uname -m = i686
uname -r = 3.4.9-x86-smp
uname -s = Linux
uname -v = #1 SMP PREEMPT Sat Aug 18 16:18:05 SAST 2012

/usr/bin/uname -p = unknown
/bin/uname -X     = unknown

/bin/arch              = i686
/usr/bin/arch -k       = unknown
/usr/convex/getsysinfo = unknown
/usr/bin/hostinfo      = unknown
/bin/machine           = unknown
/usr/bin/oslevel       = unknown
/bin/universe          = unknown

PATH: /usr/lib/jvm/jdk-1.7.0_09//bin
PATH: /usr/local/sbin
PATH: /usr/sbin
PATH: /sbin
PATH: /usr/local/bin
PATH: /usr/bin
PATH: /bin
PATH: /usr/X11R7/bin
PATH: /opt/sophos/bin


## ----------- ##
## Core tests. ##
## ----------- ##

configure:2732: checking for a BSD-compatible install
configure:2800: result: /usr/bin/ginstall -c
configure:2811: checking whether build environment is sane
configure:2866: result: yes
configure:3017: checking for a thread-safe mkdir -p
configure:3056: result: /usr/bin/mkdir -p
configure:3063: checking for gawk
configure:3079: found /usr/bin/gawk
configure:3090: result: gawk
configure:3101: checking whether make sets $(MAKE)
configure:3123: result: yes
configure:3152: checking whether make supports nested variables
configure:3169: result: yes
configure:3267: checking build system type
configure:3281: result: i686-pc-linux-gnu
configure:3301: checking host system type
configure:3314: result: i686-pc-linux-gnu
configure:3341: autobuild project... GNU Libtool
configure:3347: autobuild revision... 2.4.2 ()
configure:3352: autobuild hostname... ns2
configure:3356: autobuild mode... default
configure:3364: autobuild timestamp... 20130608T143151Z
configure:3463: checking for gcc
configure:3479: found /usr/bin/gcc
configure:3490: result: gcc
configure:3719: checking for C compiler version
configure:3728: gcc --version >&5
gcc (GCC) 4.8.1 20130530 (prerelease)
Copyright (C) 2013 Free Software Foundation, Inc.
This is free software; see the source for copying conditions.  There is NO
warranty; not even for MERCHANTABILITY or FITNESS FOR A PARTICULAR PURPOSE.

configure:3739: $? = 0
configure:3728: gcc -v >&5
Using built-in specs.
COLLECT_GCC=gcc
COLLECT_LTO_WRAPPER=/usr/libexec/gcc/i686-linux-gnu/4.8.1/lto-wrapper
Target: i686-linux-gnu
Configured with: ./../configure --prefix=/usr --sysconfdir=/etc/ --mandir=/usr/share/man --localstatedir=/var --infodir=/usr/share/info --libdir=/usr/lib --host=i686-linux-gnu --build=i686-linux-gnu --with-ecj-jar=/usr/share/java/ecj-3.5.2.jar --enable-lto --enable-cloog-backend=isl --enable-java-home --with-system-zlib --target=i686-linux-gnu --with-sysroot=/ --with-jvm-root-dir=/usr/lib/jvm/gcj-jdk --enable-languages=c,c++,fortran,java,lto,objc,obj-c++,go,ada
Thread model: posix
gcc version 4.8.1 20130530 (prerelease) (GCC) 
configure:3739: $? = 0
configure:3728: gcc -V >&5
gcc: error: unrecognized command line option '-V'
gcc: fatal error: no input files
compilation terminated.
configure:3739: $? = 1
configure:3728: gcc -qversion >&5
gcc: error: unrecognized command line option '-qversion'
gcc: fatal error: no input files
compilation terminated.
configure:3739: $? = 1
configure:3759: checking whether the C compiler works
configure:3781: gcc    conftest.c  >&5
configure:3785: $? = 0
configure:3833: result: yes
configure:3836: checking for C compiler default output file name
configure:3838: result: a.out
configure:3844: checking for suffix of executables
configure:3851: gcc -o conftest    conftest.c  >&5
configure:3855: $? = 0
configure:3877: result: 
configure:3899: checking whether we are cross compiling
configure:3907: gcc -o conftest    conftest.c  >&5
configure:3911: $? = 0
configure:3918: ./conftest
configure:3922: $? = 0
configure:3937: result: no
configure:3942: checking for suffix of object files
configure:3964: gcc -c   conftest.c >&5
configure:3968: $? = 0
configure:3989: result: o
configure:3993: checking whether we are using the GNU C compiler
configure:4012: gcc -c   conftest.c >&5
configure:4012: $? = 0
configure:4021: result: yes
configure:4030: checking whether gcc accepts -g
configure:4050: gcc -c -g  conftest.c >&5
configure:4050: $? = 0
configure:4091: result: yes
configure:4108: checking for gcc option to accept ISO C89
configure:4171: gcc  -c -g -O2  conftest.c >&5
configure:4171: $? = 0
configure:4184: result: none needed
configure:4215: checking for style of include used by make
configure:4243: result: GNU
configure:4269: checking dependency style of gcc
configure:4380: result: gcc3
configure:4396: checking whether gcc and cc understand -c and -o together
configure:4427: gcc -c conftest.c -o conftest2.o >&5
configure:4431: $? = 0
configure:4437: gcc -c conftest.c -o conftest2.o >&5
configure:4441: $? = 0
configure:4452: cc -c conftest.c >&5
configure:4456: $? = 0
configure:4464: cc -c conftest.c -o conftest2.o >&5
configure:4468: $? = 0
configure:4474: cc -c conftest.c -o conftest2.o >&5
configure:4478: $? = 0
configure:4496: result: yes
configure:4526: checking how to run the C preprocessor
configure:4557: gcc -E  conftest.c
configure:4557: $? = 0
configure:4571: gcc -E  conftest.c
conftest.c:11:28: fatal error: ac_nonexistent.h: No such file or directory
 #include <ac_nonexistent.h>
                            ^
compilation terminated.
configure:4571: $? = 1
configure: failed program was:
| /* confdefs.h */
| #define PACKAGE_NAME "GNU Libtool"
| #define PACKAGE_TARNAME "libtool"
| #define PACKAGE_VERSION "2.4.2"
| #define PACKAGE_STRING "GNU Libtool 2.4.2"
| #define PACKAGE_BUGREPORT "bug-libtool@gnu.org"
| #define PACKAGE_URL "http://www.gnu.org/software/libtool/"
| #define PACKAGE "libtool"
| #define VERSION "2.4.2"
| /* end confdefs.h.  */
| #include <ac_nonexistent.h>
configure:4596: result: gcc -E
configure:4616: gcc -E  conftest.c
configure:4616: $? = 0
configure:4630: gcc -E  conftest.c
conftest.c:11:28: fatal error: ac_nonexistent.h: No such file or directory
 #include <ac_nonexistent.h>
                            ^
compilation terminated.
configure:4630: $? = 1
configure: failed program was:
| /* confdefs.h */
| #define PACKAGE_NAME "GNU Libtool"
| #define PACKAGE_TARNAME "libtool"
| #define PACKAGE_VERSION "2.4.2"
| #define PACKAGE_STRING "GNU Libtool 2.4.2"
| #define PACKAGE_BUGREPORT "bug-libtool@gnu.org"
| #define PACKAGE_URL "http://www.gnu.org/software/libtool/"
| #define PACKAGE "libtool"
| #define VERSION "2.4.2"
| /* end confdefs.h.  */
| #include <ac_nonexistent.h>
configure:4708: checking how to print strings
configure:4735: result: printf
configure:4756: checking for a sed that does not truncate output
configure:4820: result: /usr/bin/sed
configure:4838: checking for grep that handles long lines and -e
configure:4896: result: /usr/bin/grep
configure:4901: checking for egrep
configure:4963: result: /usr/bin/grep -E
configure:4968: checking for fgrep
configure:5030: result: /usr/bin/grep -F
configure:5065: checking for ld used by gcc
configure:5132: result: /usr/i686-linux-gnu/bin/ld
configure:5139: checking if the linker (/usr/i686-linux-gnu/bin/ld) is GNU ld
configure:5154: result: yes
configure:5166: checking for BSD- or MS-compatible name lister (nm)
configure:5215: result: /usr/bin/nm -B
configure:5345: checking the name lister (/usr/bin/nm -B) interface
configure:5352: gcc -c -g -O2  conftest.c >&5
configure:5355: /usr/bin/nm -B "conftest.o"
configure:5358: output
00000000 B some_variable
configure:5365: result: BSD nm
configure:5368: checking whether ln -s works
configure:5372: result: yes
configure:5380: checking the maximum length of command line arguments
configure:5510: result: 1572864
configure:5527: checking whether the shell understands some XSI constructs
configure:5537: result: yes
configure:5541: checking whether the shell understands "+="
configure:5547: result: yes
configure:5582: checking how to convert i686-pc-linux-gnu file names to i686-pc-linux-gnu format
configure:5622: result: func_convert_file_noop
configure:5629: checking how to convert i686-pc-linux-gnu file names to toolchain format
configure:5649: result: func_convert_file_noop
configure:5656: checking for /usr/i686-linux-gnu/bin/ld option to reload object files
configure:5663: result: -r
configure:5737: checking for objdump
configure:5753: found /usr/bin/objdump
configure:5764: result: objdump
configure:5793: checking how to recognize dependent libraries
configure:5995: result: pass_all
configure:6080: checking for dlltool
configure:6110: result: no
configure:6137: checking how to associate runtime and link libraries
configure:6164: result: printf %s\n
configure:6225: checking for ar
configure:6241: found /usr/bin/ar
configure:6252: result: ar
configure:6289: checking for archiver @FILE support
configure:6306: gcc -c -g -O2  conftest.c >&5
configure:6306: $? = 0
configure:6309: ar cru libconftest.a @conftest.lst >&5
configure:6312: $? = 0
configure:6317: ar cru libconftest.a @conftest.lst >&5
ar: conftest.o: No such file or directory
configure:6320: $? = 1
configure:6332: result: @
configure:6390: checking for strip
configure:6406: found /usr/bin/strip
configure:6417: result: strip
configure:6489: checking for ranlib
configure:6505: found /usr/bin/ranlib
configure:6516: result: ranlib
configure:6618: checking command to parse /usr/bin/nm -B output from gcc object
configure:6738: gcc -c -g -O2  conftest.c >&5
configure:6741: $? = 0
configure:6745: /usr/bin/nm -B conftest.o \| sed -n -e 's/^.*[ ]\([ABCDGIRSTW][ABCDGIRSTW]*\)[ ][ ]*\([_A-Za-z][_A-Za-z0-9]*\)$/\1 \2 \2/p' | sed '/ __gnu_lto/d' \> conftest.nm
configure:6748: $? = 0
configure:6814: gcc -o conftest -g -O2   conftest.c conftstm.o >&5
configure:6817: $? = 0
configure:6855: result: ok
configure:6892: checking for sysroot
configure:6922: result: no
configure:7178: checking for mt
configure:7194: found /usr/bin/mt
configure:7205: result: mt
configure:7228: checking if mt is a manifest tool
configure:7234: mt '-?'
usage: mt [-v] [--version] [-h] [ -f device ] command [ count ]
configure:7242: result: no
configure:7880: checking for ANSI C header files
configure:7900: gcc -c -g -O2  conftest.c >&5
configure:7900: $? = 0
configure:7973: gcc -o conftest -g -O2   conftest.c  >&5
configure:7973: $? = 0
configure:7973: ./conftest
configure:7973: $? = 0
configure:7984: result: yes
configure:7997: checking for sys/types.h
configure:7997: gcc -c -g -O2  conftest.c >&5
configure:7997: $? = 0
configure:7997: result: yes
configure:7997: checking for sys/stat.h
configure:7997: gcc -c -g -O2  conftest.c >&5
configure:7997: $? = 0
configure:7997: result: yes
configure:7997: checking for stdlib.h
configure:7997: gcc -c -g -O2  conftest.c >&5
configure:7997: $? = 0
configure:7997: result: yes
configure:7997: checking for string.h
configure:7997: gcc -c -g -O2  conftest.c >&5
configure:7997: $? = 0
configure:7997: result: yes
configure:7997: checking for memory.h
configure:7997: gcc -c -g -O2  conftest.c >&5
configure:7997: $? = 0
configure:7997: result: yes
configure:7997: checking for strings.h
configure:7997: gcc -c -g -O2  conftest.c >&5
configure:7997: $? = 0
configure:7997: result: yes
configure:7997: checking for inttypes.h
configure:7997: gcc -c -g -O2  conftest.c >&5
configure:7997: $? = 0
configure:7997: result: yes
configure:7997: checking for stdint.h
configure:7997: gcc -c -g -O2  conftest.c >&5
configure:7997: $? = 0
configure:7997: result: yes
configure:7997: checking for unistd.h
configure:7997: gcc -c -g -O2  conftest.c >&5
configure:7997: $? = 0
configure:7997: result: yes
configure:8011: checking for dlfcn.h
configure:8011: gcc -c -g -O2  conftest.c >&5
configure:8011: $? = 0
configure:8011: result: yes
configure:8514: checking for objdir
configure:8529: result: .libs
configure:8800: checking if gcc supports -fno-rtti -fno-exceptions
configure:8818: gcc -c -g -O2  -fno-rtti -fno-exceptions conftest.c >&5
cc1: warning: command line option '-fno-rtti' is valid for C++/ObjC++ but not for C [enabled by default]
configure:8822: $? = 0
configure:8835: result: no
configure:9162: checking for gcc option to produce PIC
configure:9169: result: -fPIC -DPIC
configure:9177: checking if gcc PIC flag -fPIC -DPIC works
configure:9195: gcc -c -g -O2  -fPIC -DPIC -DPIC conftest.c >&5
configure:9199: $? = 0
configure:9212: result: yes
configure:9241: checking if gcc static flag -static works
configure:9269: result: yes
configure:9284: checking if gcc supports -c -o file.o
configure:9305: gcc -c -g -O2  -o out/conftest2.o conftest.c >&5
configure:9309: $? = 0
configure:9331: result: yes
configure:9339: checking if gcc supports -c -o file.o
configure:9386: result: yes
configure:9419: checking whether the gcc linker (/usr/i686-linux-gnu/bin/ld) supports shared libraries
configure:10572: result: yes
configure:10609: checking whether -lc should be explicitly linked in
configure:10617: gcc -c -g -O2  conftest.c >&5
configure:10620: $? = 0
configure:10635: gcc -shared  -fPIC -DPIC conftest.o  -v -Wl,-soname -Wl,conftest -o conftest 2\>\&1 \| /usr/bin/grep  -lc  \>/dev/null 2\>\&1
configure:10638: $? = 0
configure:10652: result: no
configure:10812: checking dynamic linker characteristics
configure:11323: gcc -o conftest -g -O2   -Wl,-rpath -Wl,/foo conftest.c  >&5
configure:11323: $? = 0
configure:11545: result: GNU/Linux ld.so
configure:11652: checking how to hardcode library paths into programs
configure:11677: result: immediate
configure:11771: checking for shl_load
configure:11771: gcc -o conftest -g -O2   conftest.c  >&5
/tmp/cco36A1F.o: In function `main':
/usr/src/libtool/libtool/conftest.c:57: undefined reference to `shl_load'
collect2: error: ld returned 1 exit status
configure:11771: $? = 1
configure: failed program was:
| /* confdefs.h */
| #define PACKAGE_NAME "GNU Libtool"
| #define PACKAGE_TARNAME "libtool"
| #define PACKAGE_VERSION "2.4.2"
| #define PACKAGE_STRING "GNU Libtool 2.4.2"
| #define PACKAGE_BUGREPORT "bug-libtool@gnu.org"
| #define PACKAGE_URL "http://www.gnu.org/software/libtool/"
| #define PACKAGE "libtool"
| #define VERSION "2.4.2"
| #define STDC_HEADERS 1
| #define HAVE_SYS_TYPES_H 1
| #define HAVE_SYS_STAT_H 1
| #define HAVE_STDLIB_H 1
| #define HAVE_STRING_H 1
| #define HAVE_MEMORY_H 1
| #define HAVE_STRINGS_H 1
| #define HAVE_INTTYPES_H 1
| #define HAVE_STDINT_H 1
| #define HAVE_UNISTD_H 1
| #define HAVE_DLFCN_H 1
| #define LT_OBJDIR ".libs/"
| /* end confdefs.h.  */
| /* Define shl_load to an innocuous variant, in case <limits.h> declares shl_load.
|    For example, HP-UX 11i <limits.h> declares gettimeofday.  */
| #define shl_load innocuous_shl_load
| 
| /* System header to define __stub macros and hopefully few prototypes,
|     which can conflict with char shl_load (); below.
|     Prefer <limits.h> to <assert.h> if __STDC__ is defined, since
|     <limits.h> exists even on freestanding compilers.  */
| 
| #ifdef __STDC__
| # include <limits.h>
| #else
| # include <assert.h>
| #endif
| 
| #undef shl_load
| 
| /* Override any GCC internal prototype to avoid an error.
|    Use char because int might match the return type of a GCC
|    builtin and then its argument prototype would still apply.  */
| #ifdef __cplusplus
| extern "C"
| #endif
| char shl_load ();
| /* The GNU C library defines this for functions which it implements
|     to always fail with ENOSYS.  Some functions are actually named
|     something starting with __ and the normal name is an alias.  */
| #if defined __stub_shl_load || defined __stub___shl_load
| choke me
| #endif
| 
| int
| main ()
| {
| return shl_load ();
|   ;
|   return 0;
| }
configure:11771: result: no
configure:11775: checking for shl_load in -ldld
configure:11800: gcc -o conftest -g -O2   conftest.c -ldld   >&5
/usr/lib/gcc/i686-linux-gnu/4.8.1/../../../../i686-linux-gnu/bin/ld: cannot find -ldld
collect2: error: ld returned 1 exit status
configure:11800: $? = 1
configure: failed program was:
| /* confdefs.h */
| #define PACKAGE_NAME "GNU Libtool"
| #define PACKAGE_TARNAME "libtool"
| #define PACKAGE_VERSION "2.4.2"
| #define PACKAGE_STRING "GNU Libtool 2.4.2"
| #define PACKAGE_BUGREPORT "bug-libtool@gnu.org"
| #define PACKAGE_URL "http://www.gnu.org/software/libtool/"
| #define PACKAGE "libtool"
| #define VERSION "2.4.2"
| #define STDC_HEADERS 1
| #define HAVE_SYS_TYPES_H 1
| #define HAVE_SYS_STAT_H 1
| #define HAVE_STDLIB_H 1
| #define HAVE_STRING_H 1
| #define HAVE_MEMORY_H 1
| #define HAVE_STRINGS_H 1
| #define HAVE_INTTYPES_H 1
| #define HAVE_STDINT_H 1
| #define HAVE_UNISTD_H 1
| #define HAVE_DLFCN_H 1
| #define LT_OBJDIR ".libs/"
| /* end confdefs.h.  */
| 
| /* Override any GCC internal prototype to avoid an error.
|    Use char because int might match the return type of a GCC
|    builtin and then its argument prototype would still apply.  */
| #ifdef __cplusplus
| extern "C"
| #endif
| char shl_load ();
| int
| main ()
| {
| return shl_load ();
|   ;
|   return 0;
| }
configure:11809: result: no
configure:11814: checking for dlopen
configure:11814: gcc -o conftest -g -O2   conftest.c  >&5
/tmp/ccSz1AWK.o: In function `main':
/usr/src/libtool/libtool/conftest.c:57: undefined reference to `dlopen'
collect2: error: ld returned 1 exit status
configure:11814: $? = 1
configure: failed program was:
| /* confdefs.h */
| #define PACKAGE_NAME "GNU Libtool"
| #define PACKAGE_TARNAME "libtool"
| #define PACKAGE_VERSION "2.4.2"
| #define PACKAGE_STRING "GNU Libtool 2.4.2"
| #define PACKAGE_BUGREPORT "bug-libtool@gnu.org"
| #define PACKAGE_URL "http://www.gnu.org/software/libtool/"
| #define PACKAGE "libtool"
| #define VERSION "2.4.2"
| #define STDC_HEADERS 1
| #define HAVE_SYS_TYPES_H 1
| #define HAVE_SYS_STAT_H 1
| #define HAVE_STDLIB_H 1
| #define HAVE_STRING_H 1
| #define HAVE_MEMORY_H 1
| #define HAVE_STRINGS_H 1
| #define HAVE_INTTYPES_H 1
| #define HAVE_STDINT_H 1
| #define HAVE_UNISTD_H 1
| #define HAVE_DLFCN_H 1
| #define LT_OBJDIR ".libs/"
| /* end confdefs.h.  */
| /* Define dlopen to an innocuous variant, in case <limits.h> declares dlopen.
|    For example, HP-UX 11i <limits.h> declares gettimeofday.  */
| #define dlopen innocuous_dlopen
| 
| /* System header to define __stub macros and hopefully few prototypes,
|     which can conflict with char dlopen (); below.
|     Prefer <limits.h> to <assert.h> if __STDC__ is defined, since
|     <limits.h> exists even on freestanding compilers.  */
| 
| #ifdef __STDC__
| # include <limits.h>
| #else
| # include <assert.h>
| #endif
| 
| #undef dlopen
| 
| /* Override any GCC internal prototype to avoid an error.
|    Use char because int might match the return type of a GCC
|    builtin and then its argument prototype would still apply.  */
| #ifdef __cplusplus
| extern "C"
| #endif
| char dlopen ();
| /* The GNU C library defines this for functions which it implements
|     to always fail with ENOSYS.  Some functions are actually named
|     something starting with __ and the normal name is an alias.  */
| #if defined __stub_dlopen || defined __stub___dlopen
| choke me
| #endif
| 
| int
| main ()
| {
| return dlopen ();
|   ;
|   return 0;
| }
configure:11814: result: no
configure:11818: checking for dlopen in -ldl
configure:11843: gcc -o conftest -g -O2   conftest.c -ldl   >&5
configure:11843: $? = 0
configure:11852: result: yes
configure:11971: checking whether a program can dlopen itself
configure:12051: gcc -o conftest -g -O2  -DHAVE_DLFCN_H  -Wl,--export-dynamic conftest.c -ldl  >&5
configure:12054: $? = 0
configure:12072: result: yes
configure:12077: checking whether a statically linked program can dlopen itself
configure:12157: gcc -o conftest -g -O2  -DHAVE_DLFCN_H  -Wl,--export-dynamic -static conftest.c -ldl  >&5
/tmp/cc4HwsbM.o: In function `main':
/usr/src/libtool/libtool/configure:12136: warning: Using 'dlopen' in statically linked applications requires at runtime the shared libraries from the glibc version used for linking
/usr/lib/gcc/i686-linux-gnu/4.8.1/../../../../i686-linux-gnu/bin/ld: dynamic STT_GNU_IFUNC symbol `strcmp' with pointer equality in `/usr/lib/gcc/i686-linux-gnu/4.8.1/../../../libc.a(strcmp.o)' can not be used when making an executable; recompile with -fPIE and relink with -pie
collect2: error: ld returned 1 exit status
configure:12160: $? = 1
configure:12178: result: no
configure:12217: checking whether stripping libraries is possible
configure:12222: result: yes
configure:12257: checking if libtool supports shared libraries
configure:12259: result: yes
configure:12262: checking whether to build shared libraries
configure:12283: result: yes
configure:12286: checking whether to build static libraries
configure:12290: result: yes
configure:12328: checking which extension is used for runtime loadable modules
configure:12340: result: .so
configure:12357: checking which variable specifies run-time module search path
configure:12364: result: LD_LIBRARY_PATH
configure:12374: checking for the default library search path
configure:12381: result: /lib /usr/lib /lib64 /usr/lib64  /lib32x /usr/lib32x  /lib /usr/lib  /usr/X11R7/lib 
configure:12411: checking for library containing dlopen
configure:12442: gcc -o conftest -g -O2   conftest.c  >&5
/tmp/cc95OjvT.o: In function `main':
/usr/src/libtool/libtool/conftest.c:37: undefined reference to `dlopen'
collect2: error: ld returned 1 exit status
configure:12442: $? = 1
configure: failed program was:
| /* confdefs.h */
| #define PACKAGE_NAME "GNU Libtool"
| #define PACKAGE_TARNAME "libtool"
| #define PACKAGE_VERSION "2.4.2"
| #define PACKAGE_STRING "GNU Libtool 2.4.2"
| #define PACKAGE_BUGREPORT "bug-libtool@gnu.org"
| #define PACKAGE_URL "http://www.gnu.org/software/libtool/"
| #define PACKAGE "libtool"
| #define VERSION "2.4.2"
| #define STDC_HEADERS 1
| #define HAVE_SYS_TYPES_H 1
| #define HAVE_SYS_STAT_H 1
| #define HAVE_STDLIB_H 1
| #define HAVE_STRING_H 1
| #define HAVE_MEMORY_H 1
| #define HAVE_STRINGS_H 1
| #define HAVE_INTTYPES_H 1
| #define HAVE_STDINT_H 1
| #define HAVE_UNISTD_H 1
| #define HAVE_DLFCN_H 1
| #define LT_OBJDIR ".libs/"
| #define LT_MODULE_EXT ".so"
| #define LT_MODULE_PATH_VAR "LD_LIBRARY_PATH"
| #define LT_DLSEARCH_PATH "/lib:/usr/lib:/lib64:/usr/lib64:/lib32x:/usr/lib32x:/lib:/usr/lib:/usr/X11R7/lib"
| /* end confdefs.h.  */
| 
| /* Override any GCC internal prototype to avoid an error.
|    Use char because int might match the return type of a GCC
|    builtin and then its argument prototype would still apply.  */
| #ifdef __cplusplus
| extern "C"
| #endif
| char dlopen ();
| int
| main ()
| {
| return dlopen ();
|   ;
|   return 0;
| }
configure:12442: gcc -o conftest -g -O2   conftest.c -ldl   >&5
configure:12442: $? = 0
configure:12459: result: -ldl
configure:12549: checking for dlerror
configure:12549: gcc -o conftest -g -O2   conftest.c -ldl  -ldl >&5
configure:12549: $? = 0
configure:12549: result: yes
configure:12563: checking for shl_load
configure:12563: result: no
configure:12570: checking for shl_load in -ldld
configure:12604: result: no
configure:12650: checking for dld_link in -ldld
configure:12675: gcc -o conftest -g -O2   conftest.c -ldld  -ldl  >&5
/usr/lib/gcc/i686-linux-gnu/4.8.1/../../../../i686-linux-gnu/bin/ld: cannot find -ldld
collect2: error: ld returned 1 exit status
configure:12675: $? = 1
configure: failed program was:
| /* confdefs.h */
| #define PACKAGE_NAME "GNU Libtool"
| #define PACKAGE_TARNAME "libtool"
| #define PACKAGE_VERSION "2.4.2"
| #define PACKAGE_STRING "GNU Libtool 2.4.2"
| #define PACKAGE_BUGREPORT "bug-libtool@gnu.org"
| #define PACKAGE_URL "http://www.gnu.org/software/libtool/"
| #define PACKAGE "libtool"
| #define VERSION "2.4.2"
| #define STDC_HEADERS 1
| #define HAVE_SYS_TYPES_H 1
| #define HAVE_SYS_STAT_H 1
| #define HAVE_STDLIB_H 1
| #define HAVE_STRING_H 1
| #define HAVE_MEMORY_H 1
| #define HAVE_STRINGS_H 1
| #define HAVE_INTTYPES_H 1
| #define HAVE_STDINT_H 1
| #define HAVE_UNISTD_H 1
| #define HAVE_DLFCN_H 1
| #define LT_OBJDIR ".libs/"
| #define LT_MODULE_EXT ".so"
| #define LT_MODULE_PATH_VAR "LD_LIBRARY_PATH"
| #define LT_DLSEARCH_PATH "/lib:/usr/lib:/lib64:/usr/lib64:/lib32x:/usr/lib32x:/lib:/usr/lib:/usr/X11R7/lib"
| #define HAVE_LIBDL 1
| #define HAVE_DLERROR 1
| /* end confdefs.h.  */
| 
| /* Override any GCC internal prototype to avoid an error.
|    Use char because int might match the return type of a GCC
|    builtin and then its argument prototype would still apply.  */
| #ifdef __cplusplus
| extern "C"
| #endif
| char dld_link ();
| int
| main ()
| {
| return dld_link ();
|   ;
|   return 0;
| }
configure:12684: result: no
configure:12718: checking for _ prefix in compiled symbols
configure:12728: gcc -c -g -O2  conftest.c >&5
configure:12731: $? = 0
configure:12735: /usr/bin/nm -B conftest.o \| sed -n -e 's/^.*[	 ]\([ABCDGIRSTW][ABCDGIRSTW]*\)[	 ][	 ]*\([_A-Za-z][_A-Za-z0-9]*\)$/\1 \2 \2/p' | sed '/ __gnu_lto/d' \> conftest.nm
configure:12738: $? = 0
configure:12760: result: no
configure:12884: checking whether deplibs are loaded by dlopen
configure:12978: result: yes
configure:12990: checking for argz.h
configure:12990: gcc -c -g -O2  conftest.c >&5
configure:12990: $? = 0
configure:12990: result: yes
configure:13002: checking for error_t
configure:13002: gcc -c -g -O2  conftest.c >&5
configure:13002: $? = 0
configure:13002: gcc -c -g -O2  conftest.c >&5
conftest.c: In function 'main':
conftest.c:37:22: error: expected expression before ')' token
 if (sizeof ((error_t)))
                      ^
configure:13002: $? = 1
configure: failed program was:
| /* confdefs.h */
| #define PACKAGE_NAME "GNU Libtool"
| #define PACKAGE_TARNAME "libtool"
| #define PACKAGE_VERSION "2.4.2"
| #define PACKAGE_STRING "GNU Libtool 2.4.2"
| #define PACKAGE_BUGREPORT "bug-libtool@gnu.org"
| #define PACKAGE_URL "http://www.gnu.org/software/libtool/"
| #define PACKAGE "libtool"
| #define VERSION "2.4.2"
| #define STDC_HEADERS 1
| #define HAVE_SYS_TYPES_H 1
| #define HAVE_SYS_STAT_H 1
| #define HAVE_STDLIB_H 1
| #define HAVE_STRING_H 1
| #define HAVE_MEMORY_H 1
| #define HAVE_STRINGS_H 1
| #define HAVE_INTTYPES_H 1
| #define HAVE_STDINT_H 1
| #define HAVE_UNISTD_H 1
| #define HAVE_DLFCN_H 1
| #define LT_OBJDIR ".libs/"
| #define LT_MODULE_EXT ".so"
| #define LT_MODULE_PATH_VAR "LD_LIBRARY_PATH"
| #define LT_DLSEARCH_PATH "/lib:/usr/lib:/lib64:/usr/lib64:/lib32x:/usr/lib32x:/lib:/usr/lib:/usr/X11R7/lib"
| #define HAVE_LIBDL 1
| #define HAVE_DLERROR 1
| #define HAVE_LIBDLLOADER 1
| #define HAVE_ARGZ_H 1
| /* end confdefs.h.  */
| #if defined(HAVE_ARGZ_H)
| #  include <argz.h>
| #endif
| 
| int
| main ()
| {
| if (sizeof ((error_t)))
| 	    return 0;
|   ;
|   return 0;
| }
configure:13002: result: yes
configure:13028: checking for argz_add
configure:13028: gcc -o conftest -g -O2   conftest.c -ldl  >&5
configure:13028: $? = 0
configure:13028: result: yes
configure:13028: checking for argz_append
configure:13028: gcc -o conftest -g -O2   conftest.c -ldl  >&5
configure:13028: $? = 0
configure:13028: result: yes
configure:13028: checking for argz_count
configure:13028: gcc -o conftest -g -O2   conftest.c -ldl  >&5
configure:13028: $? = 0
configure:13028: result: yes
configure:13028: checking for argz_create_sep
configure:13028: gcc -o conftest -g -O2   conftest.c -ldl  >&5
configure:13028: $? = 0
configure:13028: result: yes
configure:13028: checking for argz_insert
configure:13028: gcc -o conftest -g -O2   conftest.c -ldl  >&5
configure:13028: $? = 0
configure:13028: result: yes
configure:13028: checking for argz_next
configure:13028: gcc -o conftest -g -O2   conftest.c -ldl  >&5
configure:13028: $? = 0
configure:13028: result: yes
configure:13028: checking for argz_stringify
configure:13028: gcc -o conftest -g -O2   conftest.c -ldl  >&5
configure:13028: $? = 0
configure:13028: result: yes
configure:13046: checking if argz actually works
configure:13077: result: yes
configure:13096: checking whether libtool supports -dlopen/-dlpreopen
configure:13108: result: yes
configure:13161: checking for unistd.h
configure:13161: result: yes
configure:13161: checking for dl.h
configure:13161: gcc -c -g -O2  conftest.c >&5
conftest.c:75:16: fatal error: dl.h: No such file or directory
 #include <dl.h>
                ^
compilation terminated.
configure:13161: $? = 1
configure: failed program was:
| /* confdefs.h */
| #define PACKAGE_NAME "GNU Libtool"
| #define PACKAGE_TARNAME "libtool"
| #define PACKAGE_VERSION "2.4.2"
| #define PACKAGE_STRING "GNU Libtool 2.4.2"
| #define PACKAGE_BUGREPORT "bug-libtool@gnu.org"
| #define PACKAGE_URL "http://www.gnu.org/software/libtool/"
| #define PACKAGE "libtool"
| #define VERSION "2.4.2"
| #define STDC_HEADERS 1
| #define HAVE_SYS_TYPES_H 1
| #define HAVE_SYS_STAT_H 1
| #define HAVE_STDLIB_H 1
| #define HAVE_STRING_H 1
| #define HAVE_MEMORY_H 1
| #define HAVE_STRINGS_H 1
| #define HAVE_INTTYPES_H 1
| #define HAVE_STDINT_H 1
| #define HAVE_UNISTD_H 1
| #define HAVE_DLFCN_H 1
| #define LT_OBJDIR ".libs/"
| #define LT_MODULE_EXT ".so"
| #define LT_MODULE_PATH_VAR "LD_LIBRARY_PATH"
| #define LT_DLSEARCH_PATH "/lib:/usr/lib:/lib64:/usr/lib64:/lib32x:/usr/lib32x:/lib:/usr/lib:/usr/X11R7/lib"
| #define HAVE_LIBDL 1
| #define HAVE_DLERROR 1
| #define HAVE_LIBDLLOADER 1
| #define HAVE_ARGZ_H 1
| #define HAVE_ERROR_T 1
| #define HAVE_ARGZ_ADD 1
| #define HAVE_ARGZ_APPEND 1
| #define HAVE_ARGZ_COUNT 1
| #define HAVE_ARGZ_CREATE_SEP 1
| #define HAVE_ARGZ_INSERT 1
| #define HAVE_ARGZ_NEXT 1
| #define HAVE_ARGZ_STRINGIFY 1
| #define HAVE_WORKING_ARGZ 1
| #define HAVE_PRELOADED_SYMBOLS 1
| #define HAVE_UNISTD_H 1
| /* end confdefs.h.  */
| #include <stdio.h>
| #ifdef HAVE_SYS_TYPES_H
| # include <sys/types.h>
| #endif
| #ifdef HAVE_SYS_STAT_H
| # include <sys/stat.h>
| #endif
| #ifdef STDC_HEADERS
| # include <stdlib.h>
| # include <stddef.h>
| #else
| # ifdef HAVE_STDLIB_H
| #  include <stdlib.h>
| # endif
| #endif
| #ifdef HAVE_STRING_H
| # if !defined STDC_HEADERS && defined HAVE_MEMORY_H
| #  include <memory.h>
| # endif
| # include <string.h>
| #endif
| #ifdef HAVE_STRINGS_H
| # include <strings.h>
| #endif
| #ifdef HAVE_INTTYPES_H
| # include <inttypes.h>
| #endif
| #ifdef HAVE_STDINT_H
| # include <stdint.h>
| #endif
| #ifdef HAVE_UNISTD_H
| # include <unistd.h>
| #endif
| 
| #include <dl.h>
configure:13161: result: no
configure:13161: checking for sys/dl.h
configure:13161: gcc -c -g -O2  conftest.c >&5
conftest.c:75:20: fatal error: sys/dl.h: No such file or directory
 #include <sys/dl.h>
                    ^
compilation terminated.
configure:13161: $? = 1
configure: failed program was:
| /* confdefs.h */
| #define PACKAGE_NAME "GNU Libtool"
| #define PACKAGE_TARNAME "libtool"
| #define PACKAGE_VERSION "2.4.2"
| #define PACKAGE_STRING "GNU Libtool 2.4.2"
| #define PACKAGE_BUGREPORT "bug-libtool@gnu.org"
| #define PACKAGE_URL "http://www.gnu.org/software/libtool/"
| #define PACKAGE "libtool"
| #define VERSION "2.4.2"
| #define STDC_HEADERS 1
| #define HAVE_SYS_TYPES_H 1
| #define HAVE_SYS_STAT_H 1
| #define HAVE_STDLIB_H 1
| #define HAVE_STRING_H 1
| #define HAVE_MEMORY_H 1
| #define HAVE_STRINGS_H 1
| #define HAVE_INTTYPES_H 1
| #define HAVE_STDINT_H 1
| #define HAVE_UNISTD_H 1
| #define HAVE_DLFCN_H 1
| #define LT_OBJDIR ".libs/"
| #define LT_MODULE_EXT ".so"
| #define LT_MODULE_PATH_VAR "LD_LIBRARY_PATH"
| #define LT_DLSEARCH_PATH "/lib:/usr/lib:/lib64:/usr/lib64:/lib32x:/usr/lib32x:/lib:/usr/lib:/usr/X11R7/lib"
| #define HAVE_LIBDL 1
| #define HAVE_DLERROR 1
| #define HAVE_LIBDLLOADER 1
| #define HAVE_ARGZ_H 1
| #define HAVE_ERROR_T 1
| #define HAVE_ARGZ_ADD 1
| #define HAVE_ARGZ_APPEND 1
| #define HAVE_ARGZ_COUNT 1
| #define HAVE_ARGZ_CREATE_SEP 1
| #define HAVE_ARGZ_INSERT 1
| #define HAVE_ARGZ_NEXT 1
| #define HAVE_ARGZ_STRINGIFY 1
| #define HAVE_WORKING_ARGZ 1
| #define HAVE_PRELOADED_SYMBOLS 1
| #define HAVE_UNISTD_H 1
| /* end confdefs.h.  */
| #include <stdio.h>
| #ifdef HAVE_SYS_TYPES_H
| # include <sys/types.h>
| #endif
| #ifdef HAVE_SYS_STAT_H
| # include <sys/stat.h>
| #endif
| #ifdef STDC_HEADERS
| # include <stdlib.h>
| # include <stddef.h>
| #else
| # ifdef HAVE_STDLIB_H
| #  include <stdlib.h>
| # endif
| #endif
| #ifdef HAVE_STRING_H
| # if !defined STDC_HEADERS && defined HAVE_MEMORY_H
| #  include <memory.h>
| # endif
| # include <string.h>
| #endif
| #ifdef HAVE_STRINGS_H
| # include <strings.h>
| #endif
| #ifdef HAVE_INTTYPES_H
| # include <inttypes.h>
| #endif
| #ifdef HAVE_STDINT_H
| # include <stdint.h>
| #endif
| #ifdef HAVE_UNISTD_H
| # include <unistd.h>
| #endif
| 
| #include <sys/dl.h>
configure:13161: result: no
configure:13161: checking for dld.h
configure:13161: gcc -c -g -O2  conftest.c >&5
conftest.c:75:17: fatal error: dld.h: No such file or directory
 #include <dld.h>
                 ^
compilation terminated.
configure:13161: $? = 1
configure: failed program was:
| /* confdefs.h */
| #define PACKAGE_NAME "GNU Libtool"
| #define PACKAGE_TARNAME "libtool"
| #define PACKAGE_VERSION "2.4.2"
| #define PACKAGE_STRING "GNU Libtool 2.4.2"
| #define PACKAGE_BUGREPORT "bug-libtool@gnu.org"
| #define PACKAGE_URL "http://www.gnu.org/software/libtool/"
| #define PACKAGE "libtool"
| #define VERSION "2.4.2"
| #define STDC_HEADERS 1
| #define HAVE_SYS_TYPES_H 1
| #define HAVE_SYS_STAT_H 1
| #define HAVE_STDLIB_H 1
| #define HAVE_STRING_H 1
| #define HAVE_MEMORY_H 1
| #define HAVE_STRINGS_H 1
| #define HAVE_INTTYPES_H 1
| #define HAVE_STDINT_H 1
| #define HAVE_UNISTD_H 1
| #define HAVE_DLFCN_H 1
| #define LT_OBJDIR ".libs/"
| #define LT_MODULE_EXT ".so"
| #define LT_MODULE_PATH_VAR "LD_LIBRARY_PATH"
| #define LT_DLSEARCH_PATH "/lib:/usr/lib:/lib64:/usr/lib64:/lib32x:/usr/lib32x:/lib:/usr/lib:/usr/X11R7/lib"
| #define HAVE_LIBDL 1
| #define HAVE_DLERROR 1
| #define HAVE_LIBDLLOADER 1
| #define HAVE_ARGZ_H 1
| #define HAVE_ERROR_T 1
| #define HAVE_ARGZ_ADD 1
| #define HAVE_ARGZ_APPEND 1
| #define HAVE_ARGZ_COUNT 1
| #define HAVE_ARGZ_CREATE_SEP 1
| #define HAVE_ARGZ_INSERT 1
| #define HAVE_ARGZ_NEXT 1
| #define HAVE_ARGZ_STRINGIFY 1
| #define HAVE_WORKING_ARGZ 1
| #define HAVE_PRELOADED_SYMBOLS 1
| #define HAVE_UNISTD_H 1
| /* end confdefs.h.  */
| #include <stdio.h>
| #ifdef HAVE_SYS_TYPES_H
| # include <sys/types.h>
| #endif
| #ifdef HAVE_SYS_STAT_H
| # include <sys/stat.h>
| #endif
| #ifdef STDC_HEADERS
| # include <stdlib.h>
| # include <stddef.h>
| #else
| # ifdef HAVE_STDLIB_H
| #  include <stdlib.h>
| # endif
| #endif
| #ifdef HAVE_STRING_H
| # if !defined STDC_HEADERS && defined HAVE_MEMORY_H
| #  include <memory.h>
| # endif
| # include <string.h>
| #endif
| #ifdef HAVE_STRINGS_H
| # include <strings.h>
| #endif
| #ifdef HAVE_INTTYPES_H
| # include <inttypes.h>
| #endif
| #ifdef HAVE_STDINT_H
| # include <stdint.h>
| #endif
| #ifdef HAVE_UNISTD_H
| # include <unistd.h>
| #endif
| 
| #include <dld.h>
configure:13161: result: no
configure:13161: checking for mach-o/dyld.h
configure:13161: gcc -c -g -O2  conftest.c >&5
conftest.c:75:25: fatal error: mach-o/dyld.h: No such file or directory
 #include <mach-o/dyld.h>
                         ^
compilation terminated.
configure:13161: $? = 1
configure: failed program was:
| /* confdefs.h */
| #define PACKAGE_NAME "GNU Libtool"
| #define PACKAGE_TARNAME "libtool"
| #define PACKAGE_VERSION "2.4.2"
| #define PACKAGE_STRING "GNU Libtool 2.4.2"
| #define PACKAGE_BUGREPORT "bug-libtool@gnu.org"
| #define PACKAGE_URL "http://www.gnu.org/software/libtool/"
| #define PACKAGE "libtool"
| #define VERSION "2.4.2"
| #define STDC_HEADERS 1
| #define HAVE_SYS_TYPES_H 1
| #define HAVE_SYS_STAT_H 1
| #define HAVE_STDLIB_H 1
| #define HAVE_STRING_H 1
| #define HAVE_MEMORY_H 1
| #define HAVE_STRINGS_H 1
| #define HAVE_INTTYPES_H 1
| #define HAVE_STDINT_H 1
| #define HAVE_UNISTD_H 1
| #define HAVE_DLFCN_H 1
| #define LT_OBJDIR ".libs/"
| #define LT_MODULE_EXT ".so"
| #define LT_MODULE_PATH_VAR "LD_LIBRARY_PATH"
| #define LT_DLSEARCH_PATH "/lib:/usr/lib:/lib64:/usr/lib64:/lib32x:/usr/lib32x:/lib:/usr/lib:/usr/X11R7/lib"
| #define HAVE_LIBDL 1
| #define HAVE_DLERROR 1
| #define HAVE_LIBDLLOADER 1
| #define HAVE_ARGZ_H 1
| #define HAVE_ERROR_T 1
| #define HAVE_ARGZ_ADD 1
| #define HAVE_ARGZ_APPEND 1
| #define HAVE_ARGZ_COUNT 1
| #define HAVE_ARGZ_CREATE_SEP 1
| #define HAVE_ARGZ_INSERT 1
| #define HAVE_ARGZ_NEXT 1
| #define HAVE_ARGZ_STRINGIFY 1
| #define HAVE_WORKING_ARGZ 1
| #define HAVE_PRELOADED_SYMBOLS 1
| #define HAVE_UNISTD_H 1
| /* end confdefs.h.  */
| #include <stdio.h>
| #ifdef HAVE_SYS_TYPES_H
| # include <sys/types.h>
| #endif
| #ifdef HAVE_SYS_STAT_H
| # include <sys/stat.h>
| #endif
| #ifdef STDC_HEADERS
| # include <stdlib.h>
| # include <stddef.h>
| #else
| # ifdef HAVE_STDLIB_H
| #  include <stdlib.h>
| # endif
| #endif
| #ifdef HAVE_STRING_H
| # if !defined STDC_HEADERS && defined HAVE_MEMORY_H
| #  include <memory.h>
| # endif
| # include <string.h>
| #endif
| #ifdef HAVE_STRINGS_H
| # include <strings.h>
| #endif
| #ifdef HAVE_INTTYPES_H
| # include <inttypes.h>
| #endif
| #ifdef HAVE_STDINT_H
| # include <stdint.h>
| #endif
| #ifdef HAVE_UNISTD_H
| # include <unistd.h>
| #endif
| 
| #include <mach-o/dyld.h>
configure:13161: result: no
configure:13161: checking for dirent.h
configure:13161: gcc -c -g -O2  conftest.c >&5
configure:13161: $? = 0
configure:13161: result: yes
configure:13176: checking for closedir
configure:13176: gcc -o conftest -g -O2   conftest.c -ldl  >&5
configure:13176: $? = 0
configure:13176: result: yes
configure:13176: checking for opendir
configure:13176: gcc -o conftest -g -O2   conftest.c -ldl  >&5
configure:13176: $? = 0
configure:13176: result: yes
configure:13176: checking for readdir
configure:13176: gcc -o conftest -g -O2   conftest.c -ldl  >&5
configure:13176: $? = 0
configure:13176: result: yes
configure:13195: checking for strlcat
configure:13195: gcc -o conftest -g -O2   conftest.c -ldl  >&5
/tmp/ccP6tj66.o: In function `main':
/usr/src/libtool/libtool/conftest.c:79: undefined reference to `strlcat'
collect2: error: ld returned 1 exit status
configure:13195: $? = 1
configure: failed program was:
| /* confdefs.h */
| #define PACKAGE_NAME "GNU Libtool"
| #define PACKAGE_TARNAME "libtool"
| #define PACKAGE_VERSION "2.4.2"
| #define PACKAGE_STRING "GNU Libtool 2.4.2"
| #define PACKAGE_BUGREPORT "bug-libtool@gnu.org"
| #define PACKAGE_URL "http://www.gnu.org/software/libtool/"
| #define PACKAGE "libtool"
| #define VERSION "2.4.2"
| #define STDC_HEADERS 1
| #define HAVE_SYS_TYPES_H 1
| #define HAVE_SYS_STAT_H 1
| #define HAVE_STDLIB_H 1
| #define HAVE_STRING_H 1
| #define HAVE_MEMORY_H 1
| #define HAVE_STRINGS_H 1
| #define HAVE_INTTYPES_H 1
| #define HAVE_STDINT_H 1
| #define HAVE_UNISTD_H 1
| #define HAVE_DLFCN_H 1
| #define LT_OBJDIR ".libs/"
| #define LT_MODULE_EXT ".so"
| #define LT_MODULE_PATH_VAR "LD_LIBRARY_PATH"
| #define LT_DLSEARCH_PATH "/lib:/usr/lib:/lib64:/usr/lib64:/lib32x:/usr/lib32x:/lib:/usr/lib:/usr/X11R7/lib"
| #define HAVE_LIBDL 1
| #define HAVE_DLERROR 1
| #define HAVE_LIBDLLOADER 1
| #define HAVE_ARGZ_H 1
| #define HAVE_ERROR_T 1
| #define HAVE_ARGZ_ADD 1
| #define HAVE_ARGZ_APPEND 1
| #define HAVE_ARGZ_COUNT 1
| #define HAVE_ARGZ_CREATE_SEP 1
| #define HAVE_ARGZ_INSERT 1
| #define HAVE_ARGZ_NEXT 1
| #define HAVE_ARGZ_STRINGIFY 1
| #define HAVE_WORKING_ARGZ 1
| #define HAVE_PRELOADED_SYMBOLS 1
| #define HAVE_UNISTD_H 1
| #define HAVE_DIRENT_H 1
| #define HAVE_CLOSEDIR 1
| #define HAVE_OPENDIR 1
| #define HAVE_READDIR 1
| /* end confdefs.h.  */
| /* Define strlcat to an innocuous variant, in case <limits.h> declares strlcat.
|    For example, HP-UX 11i <limits.h> declares gettimeofday.  */
| #define strlcat innocuous_strlcat
| 
| /* System header to define __stub macros and hopefully few prototypes,
|     which can conflict with char strlcat (); below.
|     Prefer <limits.h> to <assert.h> if __STDC__ is defined, since
|     <limits.h> exists even on freestanding compilers.  */
| 
| #ifdef __STDC__
| # include <limits.h>
| #else
| # include <assert.h>
| #endif
| 
| #undef strlcat
| 
| /* Override any GCC internal prototype to avoid an error.
|    Use char because int might match the return type of a GCC
|    builtin and then its argument prototype would still apply.  */
| #ifdef __cplusplus
| extern "C"
| #endif
| char strlcat ();
| /* The GNU C library defines this for functions which it implements
|     to always fail with ENOSYS.  Some functions are actually named
|     something starting with __ and the normal name is an alias.  */
| #if defined __stub_strlcat || defined __stub___strlcat
| choke me
| #endif
| 
| int
| main ()
| {
| return strlcat ();
|   ;
|   return 0;
| }
configure:13195: result: no
configure:13195: checking for strlcpy
configure:13195: gcc -o conftest -g -O2   conftest.c -ldl  >&5
/tmp/ccsEGwfd.o: In function `main':
/usr/src/libtool/libtool/conftest.c:79: undefined reference to `strlcpy'
collect2: error: ld returned 1 exit status
configure:13195: $? = 1
configure: failed program was:
| /* confdefs.h */
| #define PACKAGE_NAME "GNU Libtool"
| #define PACKAGE_TARNAME "libtool"
| #define PACKAGE_VERSION "2.4.2"
| #define PACKAGE_STRING "GNU Libtool 2.4.2"
| #define PACKAGE_BUGREPORT "bug-libtool@gnu.org"
| #define PACKAGE_URL "http://www.gnu.org/software/libtool/"
| #define PACKAGE "libtool"
| #define VERSION "2.4.2"
| #define STDC_HEADERS 1
| #define HAVE_SYS_TYPES_H 1
| #define HAVE_SYS_STAT_H 1
| #define HAVE_STDLIB_H 1
| #define HAVE_STRING_H 1
| #define HAVE_MEMORY_H 1
| #define HAVE_STRINGS_H 1
| #define HAVE_INTTYPES_H 1
| #define HAVE_STDINT_H 1
| #define HAVE_UNISTD_H 1
| #define HAVE_DLFCN_H 1
| #define LT_OBJDIR ".libs/"
| #define LT_MODULE_EXT ".so"
| #define LT_MODULE_PATH_VAR "LD_LIBRARY_PATH"
| #define LT_DLSEARCH_PATH "/lib:/usr/lib:/lib64:/usr/lib64:/lib32x:/usr/lib32x:/lib:/usr/lib:/usr/X11R7/lib"
| #define HAVE_LIBDL 1
| #define HAVE_DLERROR 1
| #define HAVE_LIBDLLOADER 1
| #define HAVE_ARGZ_H 1
| #define HAVE_ERROR_T 1
| #define HAVE_ARGZ_ADD 1
| #define HAVE_ARGZ_APPEND 1
| #define HAVE_ARGZ_COUNT 1
| #define HAVE_ARGZ_CREATE_SEP 1
| #define HAVE_ARGZ_INSERT 1
| #define HAVE_ARGZ_NEXT 1
| #define HAVE_ARGZ_STRINGIFY 1
| #define HAVE_WORKING_ARGZ 1
| #define HAVE_PRELOADED_SYMBOLS 1
| #define HAVE_UNISTD_H 1
| #define HAVE_DIRENT_H 1
| #define HAVE_CLOSEDIR 1
| #define HAVE_OPENDIR 1
| #define HAVE_READDIR 1
| /* end confdefs.h.  */
| /* Define strlcpy to an innocuous variant, in case <limits.h> declares strlcpy.
|    For example, HP-UX 11i <limits.h> declares gettimeofday.  */
| #define strlcpy innocuous_strlcpy
| 
| /* System header to define __stub macros and hopefully few prototypes,
|     which can conflict with char strlcpy (); below.
|     Prefer <limits.h> to <assert.h> if __STDC__ is defined, since
|     <limits.h> exists even on freestanding compilers.  */
| 
| #ifdef __STDC__
| # include <limits.h>
| #else
| # include <assert.h>
| #endif
| 
| #undef strlcpy
| 
| /* Override any GCC internal prototype to avoid an error.
|    Use char because int might match the return type of a GCC
|    builtin and then its argument prototype would still apply.  */
| #ifdef __cplusplus
| extern "C"
| #endif
| char strlcpy ();
| /* The GNU C library defines this for functions which it implements
|     to always fail with ENOSYS.  Some functions are actually named
|     something starting with __ and the normal name is an alias.  */
| #if defined __stub_strlcpy || defined __stub___strlcpy
| choke me
| #endif
| 
| int
| main ()
| {
| return strlcpy ();
|   ;
|   return 0;
| }
configure:13195: result: no
configure:13290: checking for g++
configure:13306: found /usr/bin/g++
configure:13317: result: g++
configure:13344: checking for C++ compiler version
configure:13353: g++ --version >&5
g++ (GCC) 4.8.1 20130530 (prerelease)
Copyright (C) 2013 Free Software Foundation, Inc.
This is free software; see the source for copying conditions.  There is NO
warranty; not even for MERCHANTABILITY or FITNESS FOR A PARTICULAR PURPOSE.

configure:13364: $? = 0
configure:13353: g++ -v >&5
Using built-in specs.
COLLECT_GCC=g++
COLLECT_LTO_WRAPPER=/usr/libexec/gcc/i686-linux-gnu/4.8.1/lto-wrapper
Target: i686-linux-gnu
Configured with: ./../configure --prefix=/usr --sysconfdir=/etc/ --mandir=/usr/share/man --localstatedir=/var --infodir=/usr/share/info --libdir=/usr/lib --host=i686-linux-gnu --build=i686-linux-gnu --with-ecj-jar=/usr/share/java/ecj-3.5.2.jar --enable-lto --enable-cloog-backend=isl --enable-java-home --with-system-zlib --target=i686-linux-gnu --with-sysroot=/ --with-jvm-root-dir=/usr/lib/jvm/gcj-jdk --enable-languages=c,c++,fortran,java,lto,objc,obj-c++,go,ada
Thread model: posix
gcc version 4.8.1 20130530 (prerelease) (GCC) 
configure:13364: $? = 0
configure:13353: g++ -V >&5
g++: error: unrecognized command line option '-V'
g++: fatal error: no input files
compilation terminated.
configure:13364: $? = 1
configure:13353: g++ -qversion >&5
g++: error: unrecognized command line option '-qversion'
g++: fatal error: no input files
compilation terminated.
configure:13364: $? = 1
configure:13368: checking whether we are using the GNU C++ compiler
configure:13387: g++ -c   conftest.cpp >&5
configure:13387: $? = 0
configure:13396: result: yes
configure:13405: checking whether g++ accepts -g
configure:13425: g++ -c -g  conftest.cpp >&5
configure:13425: $? = 0
configure:13466: result: yes
configure:13491: checking dependency style of g++
configure:13602: result: gcc3
configure:13636: checking how to run the C++ preprocessor
configure:13663: g++ -E  conftest.cpp
configure:13663: $? = 0
configure:13677: g++ -E  conftest.cpp
conftest.cpp:47:28: fatal error: ac_nonexistent.h: No such file or directory
 #include <ac_nonexistent.h>
                            ^
compilation terminated.
configure:13677: $? = 1
configure: failed program was:
| /* confdefs.h */
| #define PACKAGE_NAME "GNU Libtool"
| #define PACKAGE_TARNAME "libtool"
| #define PACKAGE_VERSION "2.4.2"
| #define PACKAGE_STRING "GNU Libtool 2.4.2"
| #define PACKAGE_BUGREPORT "bug-libtool@gnu.org"
| #define PACKAGE_URL "http://www.gnu.org/software/libtool/"
| #define PACKAGE "libtool"
| #define VERSION "2.4.2"
| #define STDC_HEADERS 1
| #define HAVE_SYS_TYPES_H 1
| #define HAVE_SYS_STAT_H 1
| #define HAVE_STDLIB_H 1
| #define HAVE_STRING_H 1
| #define HAVE_MEMORY_H 1
| #define HAVE_STRINGS_H 1
| #define HAVE_INTTYPES_H 1
| #define HAVE_STDINT_H 1
| #define HAVE_UNISTD_H 1
| #define HAVE_DLFCN_H 1
| #define LT_OBJDIR ".libs/"
| #define LT_MODULE_EXT ".so"
| #define LT_MODULE_PATH_VAR "LD_LIBRARY_PATH"
| #define LT_DLSEARCH_PATH "/lib:/usr/lib:/lib64:/usr/lib64:/lib32x:/usr/lib32x:/lib:/usr/lib:/usr/X11R7/lib"
| #define HAVE_LIBDL 1
| #define HAVE_DLERROR 1
| #define HAVE_LIBDLLOADER 1
| #define HAVE_ARGZ_H 1
| #define HAVE_ERROR_T 1
| #define HAVE_ARGZ_ADD 1
| #define HAVE_ARGZ_APPEND 1
| #define HAVE_ARGZ_COUNT 1
| #define HAVE_ARGZ_CREATE_SEP 1
| #define HAVE_ARGZ_INSERT 1
| #define HAVE_ARGZ_NEXT 1
| #define HAVE_ARGZ_STRINGIFY 1
| #define HAVE_WORKING_ARGZ 1
| #define HAVE_PRELOADED_SYMBOLS 1
| #define HAVE_UNISTD_H 1
| #define HAVE_DIRENT_H 1
| #define HAVE_CLOSEDIR 1
| #define HAVE_OPENDIR 1
| #define HAVE_READDIR 1
| #define LT_LIBEXT "a"
| #define LT_LIBPREFIX "lib"
| /* end confdefs.h.  */
| #include <ac_nonexistent.h>
configure:13702: result: g++ -E
configure:13722: g++ -E  conftest.cpp
configure:13722: $? = 0
configure:13736: g++ -E  conftest.cpp
conftest.cpp:47:28: fatal error: ac_nonexistent.h: No such file or directory
 #include <ac_nonexistent.h>
                            ^
compilation terminated.
configure:13736: $? = 1
configure: failed program was:
| /* confdefs.h */
| #define PACKAGE_NAME "GNU Libtool"
| #define PACKAGE_TARNAME "libtool"
| #define PACKAGE_VERSION "2.4.2"
| #define PACKAGE_STRING "GNU Libtool 2.4.2"
| #define PACKAGE_BUGREPORT "bug-libtool@gnu.org"
| #define PACKAGE_URL "http://www.gnu.org/software/libtool/"
| #define PACKAGE "libtool"
| #define VERSION "2.4.2"
| #define STDC_HEADERS 1
| #define HAVE_SYS_TYPES_H 1
| #define HAVE_SYS_STAT_H 1
| #define HAVE_STDLIB_H 1
| #define HAVE_STRING_H 1
| #define HAVE_MEMORY_H 1
| #define HAVE_STRINGS_H 1
| #define HAVE_INTTYPES_H 1
| #define HAVE_STDINT_H 1
| #define HAVE_UNISTD_H 1
| #define HAVE_DLFCN_H 1
| #define LT_OBJDIR ".libs/"
| #define LT_MODULE_EXT ".so"
| #define LT_MODULE_PATH_VAR "LD_LIBRARY_PATH"
| #define LT_DLSEARCH_PATH "/lib:/usr/lib:/lib64:/usr/lib64:/lib32x:/usr/lib32x:/lib:/usr/lib:/usr/X11R7/lib"
| #define HAVE_LIBDL 1
| #define HAVE_DLERROR 1
| #define HAVE_LIBDLLOADER 1
| #define HAVE_ARGZ_H 1
| #define HAVE_ERROR_T 1
| #define HAVE_ARGZ_ADD 1
| #define HAVE_ARGZ_APPEND 1
| #define HAVE_ARGZ_COUNT 1
| #define HAVE_ARGZ_CREATE_SEP 1
| #define HAVE_ARGZ_INSERT 1
| #define HAVE_ARGZ_NEXT 1
| #define HAVE_ARGZ_STRINGIFY 1
| #define HAVE_WORKING_ARGZ 1
| #define HAVE_PRELOADED_SYMBOLS 1
| #define HAVE_UNISTD_H 1
| #define HAVE_DIRENT_H 1
| #define HAVE_CLOSEDIR 1
| #define HAVE_OPENDIR 1
| #define HAVE_READDIR 1
| #define LT_LIBEXT "a"
| #define LT_LIBPREFIX "lib"
| /* end confdefs.h.  */
| #include <ac_nonexistent.h>
configure:13905: checking for ld used by g++
configure:13972: result: /usr/i686-linux-gnu/bin/ld
configure:13979: checking if the linker (/usr/i686-linux-gnu/bin/ld) is GNU ld
configure:13994: result: yes
configure:14049: checking whether the g++ linker (/usr/i686-linux-gnu/bin/ld) supports shared libraries
configure:15054: result: yes
configure:15090: g++ -c -g -O2  conftest.cpp >&5
configure:15093: $? = 0
configure:15613: checking for g++ option to produce PIC
configure:15620: result: -fPIC -DPIC
configure:15628: checking if g++ PIC flag -fPIC -DPIC works
configure:15646: g++ -c -g -O2  -fPIC -DPIC -DPIC conftest.cpp >&5
configure:15650: $? = 0
configure:15663: result: yes
configure:15686: checking if g++ static flag -static works
configure:15714: result: yes
configure:15726: checking if g++ supports -c -o file.o
configure:15747: g++ -c -g -O2  -o out/conftest2.o conftest.cpp >&5
configure:15751: $? = 0
configure:15773: result: yes
configure:15778: checking if g++ supports -c -o file.o
configure:15825: result: yes
configure:15855: checking whether the g++ linker (/usr/i686-linux-gnu/bin/ld) supports shared libraries
configure:15891: result: yes
configure:16032: checking dynamic linker characteristics
configure:16699: result: GNU/Linux ld.so
configure:16752: checking how to hardcode library paths into programs
configure:16777: result: immediate
configure:16870: checking for g77
configure:16900: result: no
configure:16870: checking for xlf
configure:16900: result: no
configure:16870: checking for f77
configure:16900: result: no
configure:16870: checking for frt
configure:16900: result: no
configure:16870: checking for pgf77
configure:16900: result: no
configure:16870: checking for cf77
configure:16900: result: no
configure:16870: checking for fort77
configure:16900: result: no
configure:16870: checking for fl32
configure:16900: result: no
configure:16870: checking for af77
configure:16900: result: no
configure:16870: checking for xlf90
configure:16900: result: no
configure:16870: checking for f90
configure:16900: result: no
configure:16870: checking for pgf90
configure:16900: result: no
configure:16870: checking for pghpf
configure:16900: result: no
configure:16870: checking for epcf90
configure:16900: result: no
configure:16870: checking for gfortran
configure:16886: found /usr/bin/gfortran
configure:16897: result: gfortran
configure:16923: checking for Fortran 77 compiler version
configure:16932: gfortran --version >&5
GNU Fortran (GCC) 4.8.1 20130530 (prerelease)
Copyright (C) 2013 Free Software Foundation, Inc.

GNU Fortran comes with NO WARRANTY, to the extent permitted by law.
You may redistribute copies of GNU Fortran
under the terms of the GNU General Public License.
For more information about these matters, see the file named COPYING

configure:16943: $? = 0
configure:16932: gfortran -v >&5
Using built-in specs.
COLLECT_GCC=gfortran
COLLECT_LTO_WRAPPER=/usr/libexec/gcc/i686-linux-gnu/4.8.1/lto-wrapper
Target: i686-linux-gnu
Configured with: ./../configure --prefix=/usr --sysconfdir=/etc/ --mandir=/usr/share/man --localstatedir=/var --infodir=/usr/share/info --libdir=/usr/lib --host=i686-linux-gnu --build=i686-linux-gnu --with-ecj-jar=/usr/share/java/ecj-3.5.2.jar --enable-lto --enable-cloog-backend=isl --enable-java-home --with-system-zlib --target=i686-linux-gnu --with-sysroot=/ --with-jvm-root-dir=/usr/lib/jvm/gcj-jdk --enable-languages=c,c++,fortran,java,lto,objc,obj-c++,go,ada
Thread model: posix
gcc version 4.8.1 20130530 (prerelease) (GCC) 
configure:16943: $? = 0
configure:16932: gfortran -V >&5
gfortran: error: unrecognized command line option '-V'
gfortran: fatal error: no input files
compilation terminated.
configure:16943: $? = 1
configure:16932: gfortran -qversion >&5
gfortran: error: unrecognized command line option '-qversion'
gfortran: fatal error: no input files
compilation terminated.
configure:16943: $? = 1
configure:16952: checking whether we are using the GNU Fortran 77 compiler
configure:16965: gfortran -c  conftest.F >&5
configure:16965: $? = 0
configure:16974: result: yes
configure:16980: checking whether gfortran accepts -g
configure:16991: gfortran -c -g conftest.f >&5
configure:16991: $? = 0
configure:16999: result: yes
configure:17135: checking if libtool supports shared libraries
configure:17137: result: yes
configure:17140: checking whether to build shared libraries
configure:17160: result: yes
configure:17163: checking whether to build static libraries
configure:17167: result: yes
configure:17488: checking for gfortran option to produce PIC
configure:17495: result: -fPIC
configure:17503: checking if gfortran PIC flag -fPIC works
configure:17521: gfortran -c -g -O2 -fPIC conftest.f >&5
configure:17525: $? = 0
configure:17538: result: yes
configure:17561: checking if gfortran static flag -static works
configure:17589: result: yes
configure:17601: checking if gfortran supports -c -o file.o
configure:17622: gfortran -c -g -O2 -o out/conftest2.o conftest.f >&5
configure:17626: $? = 0
configure:17648: result: yes
configure:17653: checking if gfortran supports -c -o file.o
configure:17700: result: yes
configure:17730: checking whether the gfortran linker (/usr/i686-linux-gnu/bin/ld) supports shared libraries
configure:18833: result: yes
configure:18974: checking dynamic linker characteristics
configure:19635: result: GNU/Linux ld.so
configure:19688: checking how to hardcode library paths into programs
configure:19713: result: immediate
configure:19799: checking for gfortran
configure:19815: found /usr/bin/gfortran
configure:19826: result: gfortran
configure:19852: checking for Fortran compiler version
configure:19861: gfortran --version >&5
GNU Fortran (GCC) 4.8.1 20130530 (prerelease)
Copyright (C) 2013 Free Software Foundation, Inc.

GNU Fortran comes with NO WARRANTY, to the extent permitted by law.
You may redistribute copies of GNU Fortran
under the terms of the GNU General Public License.
For more information about these matters, see the file named COPYING

configure:19872: $? = 0
configure:19861: gfortran -v >&5
Using built-in specs.
COLLECT_GCC=gfortran
COLLECT_LTO_WRAPPER=/usr/libexec/gcc/i686-linux-gnu/4.8.1/lto-wrapper
Target: i686-linux-gnu
Configured with: ./../configure --prefix=/usr --sysconfdir=/etc/ --mandir=/usr/share/man --localstatedir=/var --infodir=/usr/share/info --libdir=/usr/lib --host=i686-linux-gnu --build=i686-linux-gnu --with-ecj-jar=/usr/share/java/ecj-3.5.2.jar --enable-lto --enable-cloog-backend=isl --enable-java-home --with-system-zlib --target=i686-linux-gnu --with-sysroot=/ --with-jvm-root-dir=/usr/lib/jvm/gcj-jdk --enable-languages=c,c++,fortran,java,lto,objc,obj-c++,go,ada
Thread model: posix
gcc version 4.8.1 20130530 (prerelease) (GCC) 
configure:19872: $? = 0
configure:19861: gfortran -V >&5
gfortran: error: unrecognized command line option '-V'
gfortran: fatal error: no input files
compilation terminated.
configure:19872: $? = 1
configure:19861: gfortran -qversion >&5
gfortran: error: unrecognized command line option '-qversion'
gfortran: fatal error: no input files
compilation terminated.
configure:19872: $? = 1
configure:19881: checking whether we are using the GNU Fortran compiler
configure:19894: gfortran -c   conftest.F >&5
configure:19894: $? = 0
configure:19903: result: yes
configure:19909: checking whether gfortran accepts -g
configure:19920: gfortran -c -g  conftest.f >&5
configure:19920: $? = 0
configure:19928: result: yes
configure:20067: checking if libtool supports shared libraries
configure:20069: result: yes
configure:20072: checking whether to build shared libraries
configure:20092: result: yes
configure:20095: checking whether to build static libraries
configure:20099: result: yes
configure:20133: gfortran -c -g -O2  conftest.f >&5
configure:20136: $? = 0
configure:20565: checking for gfortran option to produce PIC
configure:20572: result: -fPIC
configure:20580: checking if gfortran PIC flag -fPIC works
configure:20598: gfortran -c -g -O2 -fPIC  conftest.f >&5
configure:20602: $? = 0
configure:20615: result: yes
configure:20638: checking if gfortran static flag -static works
configure:20666: result: yes
configure:20678: checking if gfortran supports -c -o file.o
configure:20699: gfortran -c -g -O2 -o out/conftest2.o  conftest.f >&5
configure:20703: $? = 0
configure:20725: result: yes
configure:20730: checking if gfortran supports -c -o file.o
configure:20777: result: yes
configure:20807: checking whether the gfortran linker (/usr/i686-linux-gnu/bin/ld) supports shared libraries
configure:21910: result: yes
configure:22051: checking dynamic linker characteristics
configure:22712: result: GNU/Linux ld.so
configure:22765: checking how to hardcode library paths into programs
configure:22790: result: immediate
configure:22866: checking for gccgo
configure:22882: found /usr/bin/gccgo
configure:22893: result: gccgo
configure:23006: checking if gccgo supports -fno-rtti -fno-exceptions
configure:23041: result: no
configure:23365: checking for gccgo option to produce PIC
configure:23372: result: -fPIC
configure:23380: checking if gccgo PIC flag -fPIC works
configure:23398: gccgo -c   -fPIC conftest.go >&5
configure:23402: $? = 0
configure:23415: result: yes
configure:23438: checking if gccgo static flag -static works
configure:23466: result: yes
configure:23478: checking if gccgo supports -c -o file.o
configure:23499: gccgo -c   -o out/conftest2.o conftest.go >&5
configure:23503: $? = 0
configure:23525: result: yes
configure:23530: checking if gccgo supports -c -o file.o
configure:23577: result: yes
configure:23607: checking whether the gccgo linker (/usr/i686-linux-gnu/bin/ld) supports shared libraries
configure:24721: result: yes
configure:24862: checking how to hardcode library paths into programs
configure:24887: result: immediate
configure:24962: checking for gcj
configure:24978: found /usr/bin/gcj
configure:24989: result: gcj
configure:25103: checking if gcj supports -fno-rtti -fno-exceptions
configure:25138: result: no
configure:25462: checking for gcj option to produce PIC
configure:25469: result: -fPIC
configure:25477: checking if gcj PIC flag -fPIC works
configure:25495: gcj -c -g -O2  -fPIC conftest.java >&5
Exception in thread "main" java.lang.NoClassDefFoundError: org.eclipse.jdt.internal.compiler.batch.GCCMain
   at gnu.java.lang.MainThread.run(libgcj.so.14)
Caused by: java.lang.ClassNotFoundException: org.eclipse.jdt.internal.compiler.batch.GCCMain not found in gnu.gcj.runtime.SystemClassLoader{urls=[file:/usr/share/java/ecj-3.5.2.jar], parent=gnu.gcj.runtime.ExtensionClassLoader{urls=[], parent=null}}
   at java.net.URLClassLoader.findClass(libgcj.so.14)
   at gnu.gcj.runtime.SystemClassLoader.findClass(libgcj.so.14)
   at java.lang.ClassLoader.loadClass(libgcj.so.14)
   at java.lang.ClassLoader.loadClass(libgcj.so.14)
   at gnu.java.lang.MainThread.run(libgcj.so.14)
configure:25499: $? = 1
configure:25512: result: no
configure:25535: checking if gcj static flag -static works
configure:25563: result: no
configure:25575: checking if gcj supports -c -o file.o
configure:25596: gcj -c -g -O2  -o out/conftest2.o conftest.java >&5
Exception in thread "main" java.lang.NoClassDefFoundError: org.eclipse.jdt.internal.compiler.batch.GCCMain
   at gnu.java.lang.MainThread.run(libgcj.so.14)
Caused by: java.lang.ClassNotFoundException: org.eclipse.jdt.internal.compiler.batch.GCCMain not found in gnu.gcj.runtime.SystemClassLoader{urls=[file:/usr/share/java/ecj-3.5.2.jar], parent=gnu.gcj.runtime.ExtensionClassLoader{urls=[], parent=null}}
   at java.net.URLClassLoader.findClass(libgcj.so.14)
   at gnu.gcj.runtime.SystemClassLoader.findClass(libgcj.so.14)
   at java.lang.ClassLoader.loadClass(libgcj.so.14)
   at java.lang.ClassLoader.loadClass(libgcj.so.14)
   at gnu.java.lang.MainThread.run(libgcj.so.14)
configure:25600: $? = 1
configure:25622: result: no
configure:25627: checking if gcj supports -c -o file.o
configure:25674: result: no
configure:25704: checking whether the gcj linker (/usr/i686-linux-gnu/bin/ld) supports shared libraries
configure:26818: result: yes
configure:26959: checking how to hardcode library paths into programs
configure:26984: result: immediate
configure:27059: checking for windres
configure:27089: result: no
configure:27242: checking whether make supports order-only prerequisites
configure:27266: result: yes
configure:27396: checking that generated files are newer than configure
configure:27402: result: done
configure:27458: creating ./config.status

## ---------------------- ##
## Running config.status. ##
## ---------------------- ##

This file was extended by GNU Libtool config.status 2.4.2, which was
generated by GNU Autoconf 2.69.  Invocation command line was

  CONFIG_FILES    = 
  CONFIG_HEADERS  = 
  CONFIG_LINKS    = 
  CONFIG_COMMANDS = 
  $ ./config.status 

on ns2

config.status:1485: creating Makefile
config.status:1485: creating config.h
config.status:1714: executing tests/atconfig commands
config.status:1714: executing depfiles commands
config.status:1714: executing libtool commands

## ---------------- ##
## Cache variables. ##
## ---------------- ##

ac_cv_build=i686-pc-linux-gnu
ac_cv_c_compiler_gnu=yes
ac_cv_cxx_compiler_gnu=yes
ac_cv_env_CCC_set=
ac_cv_env_CCC_value=
ac_cv_env_CC_set=
ac_cv_env_CC_value=
ac_cv_env_CFLAGS_set=
ac_cv_env_CFLAGS_value=
ac_cv_env_CPPFLAGS_set=
ac_cv_env_CPPFLAGS_value=
ac_cv_env_CPP_set=
ac_cv_env_CPP_value=
ac_cv_env_CXXCPP_set=
ac_cv_env_CXXCPP_value=
ac_cv_env_CXXFLAGS_set=
ac_cv_env_CXXFLAGS_value=
ac_cv_env_CXX_set=
ac_cv_env_CXX_value=
ac_cv_env_F77_set=
ac_cv_env_F77_value=
ac_cv_env_FCFLAGS_set=
ac_cv_env_FCFLAGS_value=
ac_cv_env_FC_set=
ac_cv_env_FC_value=
ac_cv_env_FFLAGS_set=
ac_cv_env_FFLAGS_value=
ac_cv_env_LDFLAGS_set=
ac_cv_env_LDFLAGS_value=
ac_cv_env_LIBS_set=
ac_cv_env_LIBS_value=
ac_cv_env_build_alias_set=
ac_cv_env_build_alias_value=
ac_cv_env_host_alias_set=
ac_cv_env_host_alias_value=
ac_cv_env_target_alias_set=
ac_cv_env_target_alias_value=
ac_cv_f77_compiler_gnu=yes
ac_cv_fc_compiler_gnu=yes
ac_cv_func_argz_add=yes
ac_cv_func_argz_append=yes
ac_cv_func_argz_count=yes
ac_cv_func_argz_create_sep=yes
ac_cv_func_argz_insert=yes
ac_cv_func_argz_next=yes
ac_cv_func_argz_stringify=yes
ac_cv_func_closedir=yes
ac_cv_func_dlerror=yes
ac_cv_func_dlopen=no
ac_cv_func_opendir=yes
ac_cv_func_readdir=yes
ac_cv_func_shl_load=no
ac_cv_func_strlcat=no
ac_cv_func_strlcpy=no
ac_cv_header_argz_h=yes
ac_cv_header_dirent_h=yes
ac_cv_header_dl_h=no
ac_cv_header_dld_h=no
ac_cv_header_dlfcn_h=yes
ac_cv_header_inttypes_h=yes
ac_cv_header_mach_o_dyld_h=no
ac_cv_header_memory_h=yes
ac_cv_header_stdc=yes
ac_cv_header_stdint_h=yes
ac_cv_header_stdlib_h=yes
ac_cv_header_string_h=yes
ac_cv_header_strings_h=yes
ac_cv_header_sys_dl_h=no
ac_cv_header_sys_stat_h=yes
ac_cv_header_sys_types_h=yes
ac_cv_header_unistd_h=yes
ac_cv_host=i686-pc-linux-gnu
ac_cv_lib_dl_dlopen=yes
ac_cv_lib_dld_dld_link=no
ac_cv_lib_dld_shl_load=no
ac_cv_objext=o
ac_cv_path_EGREP='/usr/bin/grep -E'
ac_cv_path_FGREP='/usr/bin/grep -F'
ac_cv_path_GREP=/usr/bin/grep
ac_cv_path_SED=/usr/bin/sed
ac_cv_path_install='/usr/bin/ginstall -c'
ac_cv_path_mkdir=/usr/bin/mkdir
ac_cv_prog_AWK=gawk
ac_cv_prog_CPP='gcc -E'
ac_cv_prog_CXXCPP='g++ -E'
ac_cv_prog_ac_ct_AR=ar
ac_cv_prog_ac_ct_CC=gcc
ac_cv_prog_ac_ct_CXX=g++
ac_cv_prog_ac_ct_F77=gfortran
ac_cv_prog_ac_ct_FC=gfortran
ac_cv_prog_ac_ct_GCJ=gcj
ac_cv_prog_ac_ct_GOC=gccgo
ac_cv_prog_ac_ct_MANIFEST_TOOL=mt
ac_cv_prog_ac_ct_OBJDUMP=objdump
ac_cv_prog_ac_ct_RANLIB=ranlib
ac_cv_prog_ac_ct_STRIP=strip
ac_cv_prog_cc_c89=
ac_cv_prog_cc_g=yes
ac_cv_prog_cc_gcc_c_o=yes
ac_cv_prog_cxx_g=yes
ac_cv_prog_f77_g=yes
ac_cv_prog_fc_g=yes
ac_cv_prog_make_make_set=yes
ac_cv_search_dlopen=-ldl
ac_cv_type_error_t=yes
am_cv_CC_dependencies_compiler_type=gcc3
am_cv_CXX_dependencies_compiler_type=gcc3
am_cv_make_support_nested_variables=yes
libltdl_cv_lib_dl_dlopen=yes
libltdl_cv_preloaded_symbols=yes
libltdl_cv_shlibext=.so
libltdl_cv_shrext=.so
lt_cv_ar_at_file=@
lt_cv_archive_cmds_need_lc=no
lt_cv_deplibs_check_method=pass_all
lt_cv_dlopen=dlopen
lt_cv_dlopen_libs=-ldl
lt_cv_dlopen_self=yes
lt_cv_dlopen_self_static=no
lt_cv_file_magic_cmd='$MAGIC_CMD'
lt_cv_file_magic_test_file=
lt_cv_ld_reload_flag=-r
lt_cv_make_order_only=yes
lt_cv_module_path_var=LD_LIBRARY_PATH
lt_cv_nm_interface='BSD nm'
lt_cv_objdir=.libs
lt_cv_path_LD=/usr/i686-linux-gnu/bin/ld
lt_cv_path_LDCXX=/usr/i686-linux-gnu/bin/ld
lt_cv_path_NM='/usr/bin/nm -B'
lt_cv_path_mainfest_tool=no
lt_cv_prog_compiler_c_o=yes
lt_cv_prog_compiler_c_o_CXX=yes
lt_cv_prog_compiler_c_o_F77=yes
lt_cv_prog_compiler_c_o_FC=yes
lt_cv_prog_compiler_c_o_GCJ=no
lt_cv_prog_compiler_c_o_GO=yes
lt_cv_prog_compiler_c_o_RC=yes
lt_cv_prog_compiler_pic='-fPIC -DPIC'
lt_cv_prog_compiler_pic_CXX='-fPIC -DPIC'
lt_cv_prog_compiler_pic_F77=-fPIC
lt_cv_prog_compiler_pic_FC=-fPIC
lt_cv_prog_compiler_pic_GCJ=-fPIC
lt_cv_prog_compiler_pic_GO=-fPIC
lt_cv_prog_compiler_pic_works=yes
lt_cv_prog_compiler_pic_works_CXX=yes
lt_cv_prog_compiler_pic_works_F77=yes
lt_cv_prog_compiler_pic_works_FC=yes
lt_cv_prog_compiler_pic_works_GCJ=no
lt_cv_prog_compiler_pic_works_GO=yes
lt_cv_prog_compiler_rtti_exceptions=no
lt_cv_prog_compiler_static_works=yes
lt_cv_prog_compiler_static_works_CXX=yes
lt_cv_prog_compiler_static_works_F77=yes
lt_cv_prog_compiler_static_works_FC=yes
lt_cv_prog_compiler_static_works_GCJ=no
lt_cv_prog_compiler_static_works_GO=yes
lt_cv_prog_gnu_ld=yes
lt_cv_prog_gnu_ldcxx=yes
lt_cv_sharedlib_from_linklib_cmd='printf %s\n'
lt_cv_shlibpath_overrides_runpath=no
lt_cv_sys_argz_works=yes
lt_cv_sys_dlopen_deplibs=yes
lt_cv_sys_dlsearch_path='/lib /usr/lib /lib64 /usr/lib64  /lib32x /usr/lib32x  /lib /usr/lib  /usr/X11R7/lib '
lt_cv_sys_global_symbol_pipe='sed -n -e '\''s/^.*[	 ]\([ABCDGIRSTW][ABCDGIRSTW]*\)[	 ][	 ]*\([_A-Za-z][_A-Za-z0-9]*\)$/\1 \2 \2/p'\'' | sed '\''/ __gnu_lto/d'\'''
lt_cv_sys_global_symbol_to_c_name_address='sed -n -e '\''s/^: \([^ ]*\)[ ]*$/  {\"\1\", (void *) 0},/p'\'' -e '\''s/^[ABCDGIRSTW]* \([^ ]*\) \([^ ]*\)$/  {"\2", (void *) \&\2},/p'\'''
lt_cv_sys_global_symbol_to_c_name_address_lib_prefix='sed -n -e '\''s/^: \([^ ]*\)[ ]*$/  {\"\1\", (void *) 0},/p'\'' -e '\''s/^[ABCDGIRSTW]* \([^ ]*\) \(lib[^ ]*\)$/  {"\2", (void *) \&\2},/p'\'' -e '\''s/^[ABCDGIRSTW]* \([^ ]*\) \([^ ]*\)$/  {"lib\2", (void *) \&\2},/p'\'''
lt_cv_sys_global_symbol_to_cdecl='sed -n -e '\''s/^T .* \(.*\)$/extern int \1();/p'\'' -e '\''s/^[ABCDGIRSTW]* .* \(.*\)$/extern char \1;/p'\'''
lt_cv_sys_max_cmd_len=1572864
lt_cv_sys_symbol_underscore=no
lt_cv_to_host_file_cmd=func_convert_file_noop
lt_cv_to_tool_file_cmd=func_convert_file_noop

## ----------------- ##
## Output variables. ##
## ----------------- ##

ACLOCAL='${SHELL} /usr/src/libtool/libtool/libltdl/config/missing aclocal-1.13'
AMDEPBACKSLASH='\'
AMDEP_FALSE='#'
AMDEP_TRUE=''
AMTAR='$${TAR-tar}'
AM_BACKSLASH='\'
AM_DEFAULT_V='$(AM_DEFAULT_VERBOSITY)'
AM_DEFAULT_VERBOSITY='1'
AM_V='$(V)'
AR='ar'
ARGZ_H=''
AS='as'
AUTOCONF='${SHELL} /usr/src/libtool/libtool/libltdl/config/missing autoconf'
AUTOHEADER='${SHELL} /usr/src/libtool/libtool/libltdl/config/missing autoheader'
AUTOM4TE='autom4te'
AUTOMAKE='${SHELL} /usr/src/libtool/libtool/libltdl/config/missing automake-1.13'
AUTOTEST='$(AUTOM4TE) --language=autotest'
AWK='gawk'
CC='gcc'
CCDEPMODE='depmode=gcc3'
CFLAGS='-g -O2'
CONFIG_STATUS_DEPENDENCIES='$(top_srcdir)/ChangeLog'
CONF_SUBDIRS='tests/cdemo tests/demo tests/depdemo tests/f77demo tests/fcdemo 	tests/mdemo tests/mdemo2 tests/pdemo tests/tagdemo'
CONVENIENCE_LTDL_FALSE=''
CONVENIENCE_LTDL_TRUE='#'
CPP='gcc -E'
CPPFLAGS=''
CXX='g++'
CXXCPP='g++ -E'
CXXDEPMODE='depmode=gcc3'
CXXFLAGS='-g -O2'
CYGPATH_W='echo'
DEFS='-DHAVE_CONFIG_H'
DEPDIR='.deps'
DIST_MAKEFILE_LIST='tests/cdemo/Makefile tests/demo/Makefile tests/depdemo/Makefile tests/f77demo/Makefile tests/fcdemo/Makefile tests/mdemo/Makefile tests/mdemo2/Makefile tests/pdemo/Makefile tests/tagdemo/Makefile '
DLLTOOL='false'
DSYMUTIL=''
DUMPBIN=''
ECHO_C=''
ECHO_N='-n'
ECHO_T=''
EGREP='/usr/bin/grep -E'
EXEEXT=''
F77='gfortran'
FC='gfortran'
FCFLAGS='-g -O2'
FFLAGS='-g -O2'
FGREP='/usr/bin/grep -F'
GCJ='gcj'
GCJFLAGS='-g -O2'
GOC='gccgo'
GREP='/usr/bin/grep'
HAVE_CXX_FALSE='#'
HAVE_CXX_TRUE=''
HAVE_F77_FALSE='#'
HAVE_F77_TRUE=''
HAVE_FC_FALSE='#'
HAVE_FC_TRUE=''
HAVE_GCJ_FALSE='#'
HAVE_GCJ_TRUE=''
HAVE_RC_FALSE=''
HAVE_RC_TRUE='#'
HELP2MAN='${SHELL} /usr/src/libtool/libtool/libltdl/config/missing help2man'
INSTALL_DATA='${INSTALL} -m 644'
INSTALL_LTDL_FALSE='#'
INSTALL_LTDL_TRUE=''
INSTALL_PROGRAM='${INSTALL}'
INSTALL_SCRIPT='${INSTALL}'
INSTALL_STRIP_PROGRAM='$(install_sh) -c -s'
LASTRELEASE='2.4.1'
LD='/usr/i686-linux-gnu/bin/ld'
LDFLAGS=''
LIBADD_DL='-ldl '
LIBADD_DLD_LINK=''
LIBADD_DLOPEN='-ldl'
LIBADD_SHL_LOAD=''
LIBOBJS=' ${LIBOBJDIR}lt__strl$U.o'
LIBS='-ldl '
LIBTOOL='$(SHELL) $(top_builddir)/libtool'
LIPO=''
LN_S='ln -s'
LTDLOPEN='libltdl'
LTLIBOBJS=' ${LIBOBJDIR}lt__strl$U.lo'
LT_CONFIG_H='config.h'
LT_DLLOADERS=' libltdl/dlopen.la'
LT_DLPREOPEN='-dlpreopen libltdl/dlopen.la '
M4SH='$(AUTOM4TE) --language=m4sh'
MAKEINFO='${SHELL} /usr/src/libtool/libtool/libltdl/config/missing makeinfo'
MANIFEST_TOOL=':'
MKDIR_P='/usr/bin/mkdir -p'
NM='/usr/bin/nm -B'
NMEDIT=''
OBJDUMP='objdump'
OBJEXT='o'
ORDER='|'
OTOOL64=''
OTOOL=''
PACKAGE='libtool'
PACKAGE_BUGREPORT='bug-libtool@gnu.org'
PACKAGE_NAME='GNU Libtool'
PACKAGE_STRING='GNU Libtool 2.4.2'
PACKAGE_TARNAME='libtool'
PACKAGE_URL='http://www.gnu.org/software/libtool/'
PACKAGE_VERSION='2.4.2'
PATH_SEPARATOR=':'
RANLIB='ranlib'
RC=''
SED='/usr/bin/sed'
SET_MAKE=''
SHELL='/bin/sh'
STRIP='strip'
TIMESTAMP=''
VERSION='2.4.2'
ac_ct_AR='ar'
ac_ct_CC='gcc'
ac_ct_CXX='g++'
ac_ct_DUMPBIN=''
ac_ct_F77='gfortran'
ac_ct_FC='gfortran'
aclocaldir='${datadir}/aclocal'
am__EXEEXT_FALSE=''
am__EXEEXT_TRUE='#'
am__fastdepCC_FALSE='#'
am__fastdepCC_TRUE=''
am__fastdepCXX_FALSE='#'
am__fastdepCXX_TRUE=''
am__include='include'
am__isrc=''
am__leading_dot='.'
am__nodep='_no'
am__quote=''
am__tar='$${TAR-tar} chof - "$$tardir"'
am__untar='$${TAR-tar} xf -'
bindir='${exec_prefix}/bin'
build='i686-pc-linux-gnu'
build_alias=''
build_cpu='i686'
build_os='linux-gnu'
build_vendor='pc'
datadir='${datarootdir}'
datarootdir='${prefix}/share'
docdir='${datarootdir}/doc/${PACKAGE_TARNAME}'
dvidir='${docdir}'
exec_prefix='${prefix}'
host='i686-pc-linux-gnu'
host_alias=''
host_cpu='i686'
host_os='linux-gnu'
host_vendor='pc'
htmldir='${docdir}'
includedir='${prefix}/include'
infodir='${datarootdir}/info'
install_sh='${SHELL} /usr/src/libtool/libtool/libltdl/config/install-sh'
libdir='${exec_prefix}/lib'
libexecdir='${exec_prefix}/libexec'
localedir='${datarootdir}/locale'
localstatedir='${prefix}/var'
mandir='${datarootdir}/man'
mkdir_p='$(MKDIR_P)'
oldincludedir='/usr/include'
package_revision='1.3337'
pdfdir='${docdir}'
pkgdatadir='${datadir}/libtool'
prefix='/usr/local'
program_transform_name='s,x,x,'
psdir='${docdir}'
sbindir='${exec_prefix}/sbin'
sharedstatedir='${prefix}/com'
sys_symbol_underscore='no'
sysconfdir='${prefix}/etc'
target_alias=''
to_host_file_cmd='func_convert_file_noop'
to_tool_file_cmd='func_convert_file_noop'

## ----------- ##
## confdefs.h. ##
## ----------- ##

/* confdefs.h */
#define PACKAGE_NAME "GNU Libtool"
#define PACKAGE_TARNAME "libtool"
#define PACKAGE_VERSION "2.4.2"
#define PACKAGE_STRING "GNU Libtool 2.4.2"
#define PACKAGE_BUGREPORT "bug-libtool@gnu.org"
#define PACKAGE_URL "http://www.gnu.org/software/libtool/"
#define PACKAGE "libtool"
#define VERSION "2.4.2"
#define STDC_HEADERS 1
#define HAVE_SYS_TYPES_H 1
#define HAVE_SYS_STAT_H 1
#define HAVE_STDLIB_H 1
#define HAVE_STRING_H 1
#define HAVE_MEMORY_H 1
#define HAVE_STRINGS_H 1
#define HAVE_INTTYPES_H 1
#define HAVE_STDINT_H 1
#define HAVE_UNISTD_H 1
#define HAVE_DLFCN_H 1
#define LT_OBJDIR ".libs/"
#define LT_MODULE_EXT ".so"
#define LT_MODULE_PATH_VAR "LD_LIBRARY_PATH"
#define LT_DLSEARCH_PATH "/lib:/usr/lib:/lib64:/usr/lib64:/lib32x:/usr/lib32x:/lib:/usr/lib:/usr/X11R7/lib"
#define HAVE_LIBDL 1
#define HAVE_DLERROR 1
#define HAVE_LIBDLLOADER 1
#define HAVE_ARGZ_H 1
#define HAVE_ERROR_T 1
#define HAVE_ARGZ_ADD 1
#define HAVE_ARGZ_APPEND 1
#define HAVE_ARGZ_COUNT 1
#define HAVE_ARGZ_CREATE_SEP 1
#define HAVE_ARGZ_INSERT 1
#define HAVE_ARGZ_NEXT 1
#define HAVE_ARGZ_STRINGIFY 1
#define HAVE_WORKING_ARGZ 1
#define HAVE_PRELOADED_SYMBOLS 1
#define HAVE_UNISTD_H 1
#define HAVE_DIRENT_H 1
#define HAVE_CLOSEDIR 1
#define HAVE_OPENDIR 1
#define HAVE_READDIR 1
#define LT_LIBEXT "a"
#define LT_LIBPREFIX "lib"

configure: exit 0

## ---------------------- ##
## Running config.status. ##
## ---------------------- ##

This file was extended by GNU Libtool config.status 2.4.2, which was
generated by GNU Autoconf 2.69.  Invocation command line was

  CONFIG_FILES    = 
  CONFIG_HEADERS  = 
  CONFIG_LINKS    = 
  CONFIG_COMMANDS = 
  $ ./config.status libtool

on ns2

config.status:1714: executing libtool commands
